<?xml version="1.0" encoding="utf-8"?><testsuites name="pytest tests"><testsuite name="pytest" errors="0" failures="0" skipped="0" tests="15" time="5.510" timestamp="2026-08-04T11:47:10.740195+00:00" hostname="agent-env-a48c0e5d-1354-4895-8a71-e2794a72d4c7"><testcase classname="tests.test_uploads_and_perms.TestFileUploads" name="test_upload_image_png" time="0.537" /><testcase classname="tests.test_uploads_and_perms.TestFileUploads" name="test_upload_video_mp4" time="0.145" /><testcase classname="tests.test_uploads_and_perms.TestFileUploads" name="test_upload_pdf" time="0.076" /><testcase classname="tests.test_uploads_and_perms.TestFileUploads" name="test_download_public_no_auth" time="0.082" /><testcase classname="tests.test_uploads_and_perms.TestFileUploads" name="test_list_files_has_uploader_link" time="0.065" /><testcase classname="tests.test_uploads_and_perms.TestFileUploads" name="test_list_files_filter_videos" time="0.102" /><testcase classname="tests.test_uploads_and_perms.TestFileUploads" name="test_delete_file_removes_disk_and_db" time="0.444" /><testcase classname="tests.test_uploads_and_perms.TestSocialMedia" name="test_create_and_list_social_preserves_media_url" time="0.161" /><testcase classname="tests.test_uploads_and_perms.TestTeamChat" name="test_post_message_with_file_url" time="0.239" /><testcase classname="tests.test_uploads_and_perms.TestDashboardRevenue" name="test_ceo_sees_revenue" time="0.127" /><testcase classname="tests.test_uploads_and_perms.TestDashboardRevenue" name="test_marketing_hides_revenue" time="0.780" /><testcase classname="tests.test_uploads_and_perms.TestMailPermissions" name="test_ceo_mail_inbox_not_forbidden" time="0.084" /><testcase classname="tests.test_uploads_and_perms.TestMailPermissions" name="test_employee_mail_forbidden" time="0.854" /><testcase classname="tests.test_uploads_and_perms.TestMailPermissions" name="test_hr_manager_mail_allowed" time="0.789" /><testcase classname="tests.test_uploads_and_perms.TestMailPermissions" name="test_marketing_manager_mail_allowed" time="0.971" /></testsuite></testsuites>