<?xml version="1.0" encoding="utf-8"?><testsuites name="pytest tests"><testsuite name="pytest" errors="2" failures="13" skipped="0" tests="49" time="9.192" timestamp="2026-08-04T11:55:10.283873+00:00" hostname="agent-env-a48c0e5d-1354-4895-8a71-e2794a72d4c7"><testcase classname="" name="tests.test_admin_auth" time="0.000"><error message="collection failure">backend/tests/test_admin_auth.py:7: in &lt;module&gt;
    BASE_URL = os.environ.get("REACT_APP_BACKEND_URL").rstrip("/")
               ^^^^^^^^^^^^^^^^^^^^^^^^^^^^^^^^^^^^^^^^^^^^^^
E   AttributeError: 'NoneType' object has no attribute 'rstrip'</error><error message="collection failure">backend/tests/test_admin_auth.py:7: in &lt;module&gt;
    BASE_URL = os.environ.get("REACT_APP_BACKEND_URL").rstrip("/")
               ^^^^^^^^^^^^^^^^^^^^^^^^^^^^^^^^^^^^^^^^^^^^^^
E   AttributeError: 'NoneType' object has no attribute 'rstrip'</error></testcase><testcase classname="tests.backend_test" name="test_root" time="0.285"><failure message="assert 404 == 200&#10; +  where 404 = &lt;Response [404]&gt;.status_code">backend/tests/backend_test.py:21: in test_root
    assert r.status_code == 200
E   assert 404 == 200
E    +  where 404 = &lt;Response [404]&gt;.status_code</failure></testcase><testcase classname="tests.backend_test" name="test_reviews_list_seeded" time="0.134"><failure message="assert 404 == 200&#10; +  where 404 = &lt;Response [404]&gt;.status_code">backend/tests/backend_test.py:30: in test_reviews_list_seeded
    assert r.status_code == 200
E   assert 404 == 200
E    +  where 404 = &lt;Response [404]&gt;.status_code</failure></testcase><testcase classname="tests.test_iter3_positions_roles.TestPositions" name="test_create_position_ceo" time="0.449" /><testcase classname="tests.backend_test" name="test_reviews_filter_by_product" time="0.135"><failure message="assert 404 == 200&#10; +  where 404 = &lt;Response [404]&gt;.status_code">backend/tests/backend_test.py:39: in test_reviews_filter_by_product
    assert r.status_code == 200
E   assert 404 == 200
E    +  where 404 = &lt;Response [404]&gt;.status_code</failure></testcase><testcase classname="tests.test_iter3_positions_roles.TestPositions" name="test_list_positions_auth_required" time="0.097" /><testcase classname="tests.test_iter3_positions_roles.TestPositions" name="test_list_positions_ceo" time="0.079" /><testcase classname="tests.backend_test" name="test_reviews_summary" time="0.137"><failure message="assert 404 == 200&#10; +  where 404 = &lt;Response [404]&gt;.status_code">backend/tests/backend_test.py:48: in test_reviews_summary
    assert r.status_code == 200
E   assert 404 == 200
E    +  where 404 = &lt;Response [404]&gt;.status_code</failure></testcase><testcase classname="tests.test_iter3_positions_roles.TestPositions" name="test_public_positions_only_open" time="0.074" /><testcase classname="tests.test_iter3_positions_roles.TestPositions" name="test_patch_position_close" time="0.216" /><testcase classname="tests.backend_test" name="test_reviews_create_success" time="0.132"><failure message="AssertionError: 404 page not found&#10;  &#10;assert 404 == 201&#10; +  where 404 = &lt;Response [404]&gt;.status_code">backend/tests/backend_test.py:66: in test_reviews_create_success
    assert r.status_code == 201, r.text
E   AssertionError: 404 page not found
E     
E   assert 404 == 201
E    +  where 404 = &lt;Response [404]&gt;.status_code</failure></testcase><testcase classname="tests.backend_test" name="test_reviews_create_rating_out_of_range" time="0.135"><failure message="assert 404 == 422&#10; +  where 404 = &lt;Response [404]&gt;.status_code">backend/tests/backend_test.py:80: in test_reviews_create_rating_out_of_range
    assert r.status_code == 422
E   assert 404 == 422
E    +  where 404 = &lt;Response [404]&gt;.status_code</failure></testcase><testcase classname="tests.backend_test" name="test_reviews_create_empty_comment" time="0.131"><failure message="assert 404 == 422&#10; +  where 404 = &lt;Response [404]&gt;.status_code">backend/tests/backend_test.py:86: in test_reviews_create_empty_comment
    assert r.status_code == 422
E   assert 404 == 422
E    +  where 404 = &lt;Response [404]&gt;.status_code</failure></testcase><testcase classname="tests.backend_test" name="test_newsletter_subscribe_and_idempotent" time="0.132"><failure message="AssertionError: 404 page not found&#10;  &#10;assert 404 in (200, 201)&#10; +  where 404 = &lt;Response [404]&gt;.status_code">backend/tests/backend_test.py:93: in test_newsletter_subscribe_and_idempotent
    assert r1.status_code in (200, 201), r1.text
E   AssertionError: 404 page not found
E     
E   assert 404 in (200, 201)
E    +  where 404 = &lt;Response [404]&gt;.status_code</failure></testcase><testcase classname="tests.backend_test" name="test_newsletter_invalid_email" time="0.133"><failure message="assert 404 == 422&#10; +  where 404 = &lt;Response [404]&gt;.status_code">backend/tests/backend_test.py:106: in test_newsletter_invalid_email
    assert r.status_code == 422
E   assert 404 == 422
E    +  where 404 = &lt;Response [404]&gt;.status_code</failure></testcase><testcase classname="tests.backend_test" name="test_stats" time="0.137"><failure message="assert 404 == 200&#10; +  where 404 = &lt;Response [404]&gt;.status_code">backend/tests/backend_test.py:112: in test_stats
    assert r.status_code == 200
E   assert 404 == 200
E    +  where 404 = &lt;Response [404]&gt;.status_code</failure></testcase><testcase classname="tests.backend_test" name="test_contact_success" time="0.146"><failure message="assert 404 == 200&#10; +  where 404 = &lt;Response [404]&gt;.status_code">backend/tests/backend_test.py:121: in test_contact_success
    assert r.status_code == 200
E   assert 404 == 200
E    +  where 404 = &lt;Response [404]&gt;.status_code</failure></testcase><testcase classname="tests.test_iter3_positions_roles.TestPositions" name="test_non_admin_cannot_create_position" time="0.726" /><testcase classname="tests.test_iter3_positions_roles.TestPositions" name="test_delete_position" time="0.166" /><testcase classname="tests.backend_test" name="test_contact_missing_fields" time="0.138"><failure message="assert 404 == 400&#10; +  where 404 = &lt;Response [404]&gt;.status_code">backend/tests/backend_test.py:129: in test_contact_missing_fields
    assert r.status_code == 400
E   assert 404 == 400
E    +  where 404 = &lt;Response [404]&gt;.status_code</failure></testcase><testcase classname="tests.test_iter3_positions_roles.TestRoles" name="test_create_custom_role_upsert" time="0.748" /><testcase classname="tests.test_uploads_and_perms.TestFileUploads" name="test_upload_image_png" time="0.752" /><testcase classname="tests.test_iter3_positions_roles.TestRoles" name="test_update_custom_role" time="0.296" /><testcase classname="tests.test_uploads_and_perms.TestFileUploads" name="test_upload_video_mp4" time="0.115" /><testcase classname="tests.test_uploads_and_perms.TestFileUploads" name="test_upload_pdf" time="0.252" /><testcase classname="tests.test_iter3_positions_roles.TestRoles" name="test_invalid_permissions" time="0.141" /><testcase classname="tests.test_uploads_and_perms.TestFileUploads" name="test_download_public_no_auth" time="0.134" /><testcase classname="tests.test_iter3_positions_roles.TestRoles" name="test_delete_default_role_forbidden" time="0.114" /><testcase classname="tests.test_uploads_and_perms.TestFileUploads" name="test_list_files_has_uploader_link" time="0.100" /><testcase classname="tests.test_iter3_positions_roles.TestRoles" name="test_delete_custom_role" time="0.206" /><testcase classname="tests.test_uploads_and_perms.TestFileUploads" name="test_list_files_filter_videos" time="0.084" /><testcase classname="tests.test_uploads_and_perms.TestFileUploads" name="test_delete_file_removes_disk_and_db" time="0.864" /><testcase classname="tests.test_iter2_fixes.TestHREndpoints" name="test_bonuses_create_and_list" time="0.835" /><testcase classname="tests.test_uploads_and_perms.TestMailPermissions" name="test_ceo_mail_inbox_not_forbidden" time="0.114" /><testcase classname="tests.test_iter2_fixes.TestHREndpoints" name="test_deductions_create_and_list" time="0.155" /><testcase classname="tests.test_uploads_and_perms.TestMailPermissions" name="test_employee_mail_forbidden" time="0.822" /><testcase classname="tests.test_iter2_fixes.TestHREndpoints" name="test_promotion_updates_role" time="0.331" /><testcase classname="tests.test_iter2_fixes.TestHREndpoints" name="test_penalties_create_and_list" time="0.334" /><testcase classname="tests.test_uploads_and_perms.TestMailPermissions" name="test_hr_manager_mail_allowed" time="1.208" /><testcase classname="tests.test_iter2_fixes.TestMessagesFlow" name="test_new_message_has_read_by_array" time="0.406" /><testcase classname="tests.test_iter2_fixes.TestMessagesFlow" name="test_mark_read_endpoint" time="1.613" /><testcase classname="tests.test_uploads_and_perms.TestMailPermissions" name="test_marketing_manager_mail_allowed" time="0.810" /><testcase classname="tests.test_iter2_fixes.TestMessagesFlow" name="test_delete_own_message_soft_delete" time="0.507" /><testcase classname="tests.test_uploads_and_perms.TestDashboardRevenue" name="test_ceo_sees_revenue" time="0.100" /><testcase classname="tests.test_uploads_and_perms.TestDashboardRevenue" name="test_marketing_hides_revenue" time="1.077" /><testcase classname="tests.test_iter2_fixes.TestPublicApplication" name="test_submit_no_auth" time="0.085" /><testcase classname="tests.test_uploads_and_perms.TestSocialMedia" name="test_create_and_list_social_preserves_media_url" time="0.352"><failure message="assert None is not None">backend/tests/test_uploads_and_perms.py:168: in test_create_and_list_social_preserves_media_url
    assert f is not None
E   assert None is not None</failure></testcase><testcase classname="tests.test_uploads_and_perms.TestTeamChat" name="test_post_message_with_file_url" time="0.365" /></testsuite></testsuites>