<?xml version="1.0" encoding="utf-8"?><testsuites name="pytest tests"><testsuite name="pytest" errors="0" failures="0" skipped="0" tests="8" time="2.832" timestamp="2026-08-04T11:48:30.313926+00:00" hostname="agent-env-a48c0e5d-1354-4895-8a71-e2794a72d4c7"><testcase classname="tests.test_iter2_fixes.TestMessagesFlow" name="test_new_message_has_read_by_array" time="0.502" /><testcase classname="tests.test_iter2_fixes.TestMessagesFlow" name="test_mark_read_endpoint" time="0.884" /><testcase classname="tests.test_iter2_fixes.TestMessagesFlow" name="test_delete_own_message_soft_delete" time="0.291" /><testcase classname="tests.test_iter2_fixes.TestHREndpoints" name="test_bonuses_create_and_list" time="0.459" /><testcase classname="tests.test_iter2_fixes.TestHREndpoints" name="test_deductions_create_and_list" time="0.189" /><testcase classname="tests.test_iter2_fixes.TestHREndpoints" name="test_promotion_updates_role" time="0.182" /><testcase classname="tests.test_iter2_fixes.TestHREndpoints" name="test_penalties_create_and_list" time="0.183" /><testcase classname="tests.test_iter2_fixes.TestPublicApplication" name="test_submit_no_auth" time="0.074" /></testsuite></testsuites>