<?xml version="1.0" encoding="utf-8"?><testsuites name="pytest tests"><testsuite name="pytest" errors="1" failures="0" skipped="0" tests="12" time="1.901" timestamp="2026-08-04T11:54:43.388832+00:00" hostname="agent-env-a48c0e5d-1354-4895-8a71-e2794a72d4c7"><testcase classname="tests.test_iter3_positions_roles.TestPositions" name="test_create_position_ceo" time="0.622" /><testcase classname="tests.test_iter3_positions_roles.TestRoles" name="test_create_custom_role_upsert" time="0.853" /><testcase classname="tests.test_iter3_positions_roles.TestPositions" name="test_list_positions_auth_required" time="0.149" /><testcase classname="tests.test_iter3_positions_roles.TestPositions" name="test_list_positions_ceo" time="0.082" /><testcase classname="tests.test_iter3_positions_roles.TestRoles" name="test_update_custom_role" time="0.228" /><testcase classname="tests.test_iter3_positions_roles.TestPositions" name="test_public_positions_only_open" time="0.077" /><testcase classname="tests.test_iter3_positions_roles.TestPositions" name="test_patch_position_close" time="0.194" /><testcase classname="tests.test_iter3_positions_roles.TestRoles" name="test_invalid_permissions" time="0.080" /><testcase classname="tests.test_iter3_positions_roles.TestRoles" name="test_delete_default_role_forbidden" time="0.085" /><testcase classname="tests.test_iter3_positions_roles.TestRoles" name="test_delete_custom_role" time="0.168" /><testcase classname="tests.test_iter3_positions_roles.TestPositions" name="test_non_admin_cannot_create_position" time="0.110"><error message="failed on setup with &quot;AssertionError: {&quot;detail&quot;:[{&quot;type&quot;:&quot;value_error&quot;,&quot;loc&quot;:[&quot;body&quot;,&quot;email&quot;],&quot;msg&quot;:&quot;value is not a valid email address: The part after the @-sign is a special-use or reserved name that cannot be used with email.&quot;,&quot;input&quot;:&quot;TEST_emp_ec590799@test.local&quot;,&quot;ctx&quot;:{&quot;reason&quot;:&quot;The part after the @-sign is a special-use or reserved name that cannot be used with email.&quot;}}]}&#10;assert 422 in (200, 201)&#10; +  where 422 = &lt;Response [422]&gt;.status_code&quot;">backend/tests/test_iter3_positions_roles.py:38: in employee_headers
    assert r.status_code in (200, 201), r.text
E   AssertionError: {"detail":[{"type":"value_error","loc":["body","email"],"msg":"value is not a valid email address: The part after the @-sign is a special-use or reserved name that cannot be used with email.","input":"TEST_emp_ec590799@test.local","ctx":{"reason":"The part after the @-sign is a special-use or reserved name that cannot be used with email."}}]}
E   assert 422 in (200, 201)
E    +  where 422 = &lt;Response [422]&gt;.status_code</error></testcase><testcase classname="tests.test_iter3_positions_roles.TestPositions" name="test_delete_position" time="0.165" /></testsuite></testsuites>