<?xml version="1.0" encoding="utf-8"?><testsuites name="pytest tests"><testsuite name="pytest" errors="0" failures="0" skipped="0" tests="15" time="5.613" timestamp="2026-08-04T11:32:24.579656+00:00" hostname="agent-env-a48c0e5d-1354-4895-8a71-e2794a72d4c7"><testcase classname="tests.test_uploads_and_perms.TestFileUploads" name="test_upload_image_png" time="0.573" /><testcase classname="tests.test_uploads_and_perms.TestFileUploads" name="test_upload_video_mp4" time="0.186" /><testcase classname="tests.test_uploads_and_perms.TestFileUploads" name="test_upload_pdf" time="0.086" /><testcase classname="tests.test_uploads_and_perms.TestFileUploads" name="test_download_public_no_auth" time="0.096" /><testcase classname="tests.test_uploads_and_perms.TestFileUploads" name="test_list_files_has_uploader_link" time="0.081" /><testcase classname="tests.test_uploads_and_perms.TestFileUploads" name="test_list_files_filter_videos" time="0.101" /><testcase classname="tests.test_uploads_and_perms.TestFileUploads" name="test_delete_file_removes_disk_and_db" time="0.466" /><testcase classname="tests.test_uploads_and_perms.TestSocialMedia" name="test_create_and_list_social_preserves_media_url" time="0.192" /><testcase classname="tests.test_uploads_and_perms.TestTeamChat" name="test_post_message_with_file_url" time="0.300" /><testcase classname="tests.test_uploads_and_perms.TestDashboardRevenue" name="test_ceo_sees_revenue" time="0.096" /><testcase classname="tests.test_uploads_and_perms.TestDashboardRevenue" name="test_marketing_hides_revenue" time="0.802" /><testcase classname="tests.test_uploads_and_perms.TestMailPermissions" name="test_ceo_mail_inbox_not_forbidden" time="0.117" /><testcase classname="tests.test_uploads_and_perms.TestMailPermissions" name="test_employee_mail_forbidden" time="0.774" /><testcase classname="tests.test_uploads_and_perms.TestMailPermissions" name="test_hr_manager_mail_allowed" time="0.785" /><testcase classname="tests.test_uploads_and_perms.TestMailPermissions" name="test_marketing_manager_mail_allowed" time="0.883" /></testsuite></testsuites>